<?xml version="1.0" encoding="UTF-8"?>
<!-- Generated by org.testng.reporters.JUnitReportReporter -->
<testsuite hostname="DESKTOP-0N61RF9" failures="0" tests="1" name="packageTest.ProgramTest1" time="37.947" errors="0" timestamp="2024-07-26T23:33:03 AEST" skipped="0">
  <testcase classname="packageTest.ProgramTest1" name="verifyTitle" time="37.947"/>
  <system-out/>
</testsuite> <!-- packageTest.ProgramTest1 -->
